  DisplayChunk.cpp
C:\Users\2101007\OneDrive - Abertay University\Documents\CMP405\WFFC_Edit\WFFC-Edit\WOFFCEdit\DisplayChunk.cpp(14,27): warning C4305: '=': truncation from 'double' to 'float'
C:\Users\2101007\OneDrive - Abertay University\Documents\CMP405\WFFC_Edit\WFFC-Edit\WOFFCEdit\DisplayChunk.cpp(15,49): warning C4244: '=': conversion from 'int' to 'float', possible loss of data
C:\Users\2101007\OneDrive - Abertay University\Documents\CMP405\WFFC_Edit\WFFC-Edit\WOFFCEdit\DisplayChunk.cpp(74,185): warning C4244: 'argument': conversion from 'double' to 'float', possible loss of data
C:\Users\2101007\OneDrive - Abertay University\Documents\CMP405\WFFC_Edit\WFFC-Edit\WOFFCEdit\DisplayChunk.cpp(74,81): warning C4244: 'argument': conversion from 'double' to 'float', possible loss of data
C:\Users\2101007\OneDrive - Abertay University\Documents\CMP405\WFFC_Edit\WFFC-Edit\WOFFCEdit\DisplayChunk.cpp(94,10): warning C4996: 'fopen': This function or variable may be unsafe. Consider using fopen_s instead. To disable deprecation, use _CRT_SECURE_NO_WARNINGS. See online help for details.
C:\Users\2101007\OneDrive - Abertay University\Documents\CMP405\WFFC_Edit\WFFC-Edit\WOFFCEdit\DisplayChunk.cpp(152,10): warning C4996: 'fopen': This function or variable may be unsafe. Consider using fopen_s instead. To disable deprecation, use _CRT_SECURE_NO_WARNINGS. See online help for details.
C:\Users\2101007\OneDrive - Abertay University\Documents\CMP405\WFFC_Edit\WFFC-Edit\WOFFCEdit\DisplayChunk.cpp(189,30): warning C4101: 'index4': unreferenced local variable
C:\Users\2101007\OneDrive - Abertay University\Documents\CMP405\WFFC_Edit\WFFC-Edit\WOFFCEdit\DisplayChunk.cpp(189,14): warning C4101: 'index2': unreferenced local variable
C:\Users\2101007\OneDrive - Abertay University\Documents\CMP405\WFFC_Edit\WFFC-Edit\WOFFCEdit\DisplayChunk.cpp(189,22): warning C4101: 'index3': unreferenced local variable
C:\Users\2101007\OneDrive - Abertay University\Documents\CMP405\WFFC_Edit\WFFC-Edit\WOFFCEdit\DisplayChunk.cpp(189,6): warning C4101: 'index1': unreferenced local variable
  Game.cpp
C:\Users\2101007\OneDrive - Abertay University\Documents\CMP405\WFFC_Edit\WFFC-Edit\WOFFCEdit\Game.cpp(28,16): warning C4305: '=': truncation from 'double' to 'float'
C:\Users\2101007\OneDrive - Abertay University\Documents\CMP405\WFFC_Edit\WFFC-Edit\WOFFCEdit\Game.cpp(166,28): warning C4244: '=': conversion from 'double' to 'float', possible loss of data
C:\Users\2101007\OneDrive - Abertay University\Documents\CMP405\WFFC_Edit\WFFC-Edit\WOFFCEdit\Game.cpp(167,28): warning C4244: '=': conversion from 'double' to 'float', possible loss of data
C:\Users\2101007\OneDrive - Abertay University\Documents\CMP405\WFFC_Edit\WFFC-Edit\WOFFCEdit\Game.cpp(204,31): warning C4244: '=': conversion from 'int' to 'float', possible loss of data
C:\Users\2101007\OneDrive - Abertay University\Documents\CMP405\WFFC_Edit\WFFC-Edit\WOFFCEdit\Game.cpp(205,31): warning C4244: '=': conversion from 'int' to 'float', possible loss of data
C:\Users\2101007\OneDrive - Abertay University\Documents\CMP405\WFFC_Edit\WFFC-Edit\WOFFCEdit\Game.cpp(287,57): warning C4244: 'argument': conversion from 'double' to 'float', possible loss of data
C:\Users\2101007\OneDrive - Abertay University\Documents\CMP405\WFFC_Edit\WFFC-Edit\WOFFCEdit\Game.cpp(286,57): warning C4244: 'argument': conversion from 'double' to 'float', possible loss of data
C:\Users\2101007\OneDrive - Abertay University\Documents\CMP405\WFFC_Edit\WFFC-Edit\WOFFCEdit\Game.cpp(285,97): warning C4244: 'argument': conversion from 'double' to 'float', possible loss of data
C:\Users\2101007\OneDrive - Abertay University\Documents\CMP405\WFFC_Edit\WFFC-Edit\WOFFCEdit\Game.cpp(271,10): warning C4101: 'Buffer': unreferenced local variable
  Main.cpp
  _WIN32_WINNT not defined. Defaulting to _WIN32_WINNT_MAXVER (see WinSDKVer.h)
  MFCFrame.cpp
  _WIN32_WINNT not defined. Defaulting to _WIN32_WINNT_MAXVER (see WinSDKVer.h)
  MFCMain.cpp
  _WIN32_WINNT not defined. Defaulting to _WIN32_WINNT_MAXVER (see WinSDKVer.h)
  ToolMain.cpp
  _WIN32_WINNT not defined. Defaulting to _WIN32_WINNT_MAXVER (see WinSDKVer.h)
C:\Users\2101007\OneDrive - Abertay University\Documents\CMP405\WFFC_Edit\WFFC-Edit\WOFFCEdit\ToolMain.cpp(93,46): warning C4244: '=': conversion from 'double' to 'float', possible loss of data
C:\Users\2101007\OneDrive - Abertay University\Documents\CMP405\WFFC_Edit\WFFC-Edit\WOFFCEdit\ToolMain.cpp(94,46): warning C4244: '=': conversion from 'double' to 'float', possible loss of data
C:\Users\2101007\OneDrive - Abertay University\Documents\CMP405\WFFC_Edit\WFFC-Edit\WOFFCEdit\ToolMain.cpp(95,46): warning C4244: '=': conversion from 'double' to 'float', possible loss of data
C:\Users\2101007\OneDrive - Abertay University\Documents\CMP405\WFFC_Edit\WFFC-Edit\WOFFCEdit\ToolMain.cpp(96,46): warning C4244: '=': conversion from 'double' to 'float', possible loss of data
C:\Users\2101007\OneDrive - Abertay University\Documents\CMP405\WFFC_Edit\WFFC-Edit\WOFFCEdit\ToolMain.cpp(97,46): warning C4244: '=': conversion from 'double' to 'float', possible loss of data
C:\Users\2101007\OneDrive - Abertay University\Documents\CMP405\WFFC_Edit\WFFC-Edit\WOFFCEdit\ToolMain.cpp(98,46): warning C4244: '=': conversion from 'double' to 'float', possible loss of data
C:\Users\2101007\OneDrive - Abertay University\Documents\CMP405\WFFC_Edit\WFFC-Edit\WOFFCEdit\ToolMain.cpp(99,46): warning C4244: '=': conversion from 'double' to 'float', possible loss of data
C:\Users\2101007\OneDrive - Abertay University\Documents\CMP405\WFFC_Edit\WFFC-Edit\WOFFCEdit\ToolMain.cpp(100,46): warning C4244: '=': conversion from 'double' to 'float', possible loss of data
C:\Users\2101007\OneDrive - Abertay University\Documents\CMP405\WFFC_Edit\WFFC-Edit\WOFFCEdit\ToolMain.cpp(101,46): warning C4244: '=': conversion from 'double' to 'float', possible loss of data
C:\Users\2101007\OneDrive - Abertay University\Documents\CMP405\WFFC_Edit\WFFC-Edit\WOFFCEdit\ToolMain.cpp(113,48): warning C4244: '=': conversion from 'double' to 'float', possible loss of data
C:\Users\2101007\OneDrive - Abertay University\Documents\CMP405\WFFC_Edit\WFFC-Edit\WOFFCEdit\ToolMain.cpp(114,48): warning C4244: '=': conversion from 'double' to 'float', possible loss of data
C:\Users\2101007\OneDrive - Abertay University\Documents\CMP405\WFFC_Edit\WFFC-Edit\WOFFCEdit\ToolMain.cpp(115,48): warning C4244: '=': conversion from 'double' to 'float', possible loss of data
C:\Users\2101007\OneDrive - Abertay University\Documents\CMP405\WFFC_Edit\WFFC-Edit\WOFFCEdit\ToolMain.cpp(119,48): warning C4244: '=': conversion from 'double' to 'float', possible loss of data
C:\Users\2101007\OneDrive - Abertay University\Documents\CMP405\WFFC_Edit\WFFC-Edit\WOFFCEdit\ToolMain.cpp(120,47): warning C4244: '=': conversion from 'double' to 'float', possible loss of data
C:\Users\2101007\OneDrive - Abertay University\Documents\CMP405\WFFC_Edit\WFFC-Edit\WOFFCEdit\ToolMain.cpp(121,42): warning C4244: '=': conversion from 'int' to 'float', possible loss of data
C:\Users\2101007\OneDrive - Abertay University\Documents\CMP405\WFFC_Edit\WFFC-Edit\WOFFCEdit\ToolMain.cpp(125,50): warning C4244: '=': conversion from 'double' to 'int', possible loss of data
C:\Users\2101007\OneDrive - Abertay University\Documents\CMP405\WFFC_Edit\WFFC-Edit\WOFFCEdit\ToolMain.cpp(126,50): warning C4244: '=': conversion from 'double' to 'int', possible loss of data
C:\Users\2101007\OneDrive - Abertay University\Documents\CMP405\WFFC_Edit\WFFC-Edit\WOFFCEdit\ToolMain.cpp(136,57): warning C4244: '=': conversion from 'double' to 'float', possible loss of data
C:\Users\2101007\OneDrive - Abertay University\Documents\CMP405\WFFC_Edit\WFFC-Edit\WOFFCEdit\ToolMain.cpp(137,57): warning C4244: '=': conversion from 'double' to 'float', possible loss of data
C:\Users\2101007\OneDrive - Abertay University\Documents\CMP405\WFFC_Edit\WFFC-Edit\WOFFCEdit\ToolMain.cpp(138,57): warning C4244: '=': conversion from 'double' to 'float', possible loss of data
C:\Users\2101007\OneDrive - Abertay University\Documents\CMP405\WFFC_Edit\WFFC-Edit\WOFFCEdit\ToolMain.cpp(139,58): warning C4244: '=': conversion from 'double' to 'float', possible loss of data
C:\Users\2101007\OneDrive - Abertay University\Documents\CMP405\WFFC_Edit\WFFC-Edit\WOFFCEdit\ToolMain.cpp(140,58): warning C4244: '=': conversion from 'double' to 'float', possible loss of data
C:\Users\2101007\OneDrive - Abertay University\Documents\CMP405\WFFC_Edit\WFFC-Edit\WOFFCEdit\ToolMain.cpp(141,58): warning C4244: '=': conversion from 'double' to 'float', possible loss of data
C:\Users\2101007\OneDrive - Abertay University\Documents\CMP405\WFFC_Edit\WFFC-Edit\WOFFCEdit\ToolMain.cpp(142,59): warning C4244: '=': conversion from 'double' to 'float', possible loss of data
C:\Users\2101007\OneDrive - Abertay University\Documents\CMP405\WFFC_Edit\WFFC-Edit\WOFFCEdit\ToolMain.cpp(143,56): warning C4244: '=': conversion from 'double' to 'float', possible loss of data
C:\Users\2101007\OneDrive - Abertay University\Documents\CMP405\WFFC_Edit\WFFC-Edit\WOFFCEdit\ToolMain.cpp(144,54): warning C4244: '=': conversion from 'double' to 'float', possible loss of data
C:\Users\2101007\OneDrive - Abertay University\Documents\CMP405\WFFC_Edit\WFFC-Edit\WOFFCEdit\ToolMain.cpp(145,57): warning C4244: '=': conversion from 'double' to 'float', possible loss of data
  Generating Code...
  Win32SimpleSample.vcxproj -> C:\Users\2101007\OneDrive - Abertay University\Documents\CMP405\WFFC_Edit\WFFC-Edit\WOFFCEdit\Debug\WoFEdit.exe
